#
# There is insufficient memory for the Java Runtime Environment to continue.
# Native memory allocation (mmap) failed to map 100663296 bytes. Error detail: G1 virtual space
# Possible reasons:
#   The system is out of physical RAM or swap space
#   This process is running with CompressedOops enabled, and the Java Heap may be blocking the growth of the native heap
# Possible solutions:
#   Reduce memory load on the system
#   Increase physical memory or swap space
#   Check if swap backing store is full
#   Decrease Java heap size (-Xmx/-Xms)
#   Decrease number of Java threads
#   Decrease Java thread stack sizes (-Xss)
#   Set larger code cache with -XX:ReservedCodeCacheSize=
#   JVM is running with Unscaled Compressed Oops mode in which the Java heap is
#     placed in the first 4GB address space. The Java Heap base address is the
#     maximum limit for the native heap growth. Please use -XX:HeapBaseMinAddress
#     to set the Java Heap base and to place the Java Heap above 4GB virtual address.
# This output file may be truncated or incomplete.
#
#  Out of Memory Error (os_windows.cpp:3898), pid=1756, tid=27328
#
# JRE version:  (21.0.7) (build )
# Java VM: OpenJDK 64-Bit Server VM (21.0.7+-13880790-b1038.58, mixed mode, sharing, tiered, compressed oops, compressed class ptrs, g1 gc, windows-amd64)
# No core dump will be written. Minidumps are not enabled by default on client versions of Windows
#

---------------  S U M M A R Y ------------

Command Line: 

Host: AMD Ryzen 5 3500U with Radeon Vega Mobile Gfx  , 8 cores, 5G,  Windows 11 , 64 bit Build 22621 (10.0.22621.5415)
Time: Tue Nov  4 21:44:09 2025 SE Asia Standard Time elapsed time: 0.033513 seconds (0d 0h 0m 0s)

---------------  T H R E A D  ---------------

Current thread (0x000002746b651d50):  JavaThread "Unknown thread" [_thread_in_vm, id=27328, stack(0x000000f605000000,0x000000f605100000) (1024K)]

Stack: [0x000000f605000000,0x000000f605100000]
Native frames: (J=compiled Java code, j=interpreted, Vv=VM code, C=native code)
V  [jvm.dll+0x6d25c9]
V  [jvm.dll+0x860923]
V  [jvm.dll+0x862e7e]
V  [jvm.dll+0x863563]
V  [jvm.dll+0x27f156]
V  [jvm.dll+0x6ceee5]
V  [jvm.dll+0x6c29aa]
V  [jvm.dll+0x355ebb]
V  [jvm.dll+0x35db16]
V  [jvm.dll+0x3afb16]
V  [jvm.dll+0x3afde8]
V  [jvm.dll+0x32855c]
V  [jvm.dll+0x32924b]
V  [jvm.dll+0x828379]
V  [jvm.dll+0x3bcce8]
V  [jvm.dll+0x811628]
V  [jvm.dll+0x45121e]
V  [jvm.dll+0x452981]
C  [jli.dll+0x52ab]
C  [ucrtbase.dll+0x29333]
C  [KERNEL32.DLL+0x1259d]
C  [ntdll.dll+0x5af78]


---------------  P R O C E S S  ---------------

Threads class SMR info:
_java_thread_list=0x00007fffcb2f4888, length=0, elements={
}

Java Threads: ( => current thread )
Total: 0

Other Threads:
  0x000002746d8f0ca0 WorkerThread "GC Thread#0"                     [id=29680, stack(0x000000f605100000,0x000000f605200000) (1024K)]
  0x000002746d8fd810 ConcurrentGCThread "G1 Main Marker"            [id=11864, stack(0x000000f605200000,0x000000f605300000) (1024K)]
  0x000002746d8fe3a0 WorkerThread "G1 Conc#0"                       [id=31628, stack(0x000000f605300000,0x000000f605400000) (1024K)]

[error occurred during error reporting (printing all threads), id 0xc0000005, EXCEPTION_ACCESS_VIOLATION (0xc0000005) at pc=0x00007fffcaaeb5b7]
VM state: not at safepoint (not fully initialized)

VM Mutex/Monitor currently owned by a thread:  ([mutex/lock_event])
[0x00007fffcb361568] Heap_lock - owner thread: 0x000002746b651d50

Heap address: 0x00000000a1c00000, size: 1508 MB, Compressed Oops mode: 32-bit

CDS archive(s) mapped at: [0x0000000000000000-0x0000000000000000-0x0000000000000000), size 0, SharedBaseAddress: 0x0000000800000000, ArchiveRelocationMode: 1.
Narrow klass base: 0x0000000000000000, Narrow klass shift: 0, Narrow klass range: 0x0

GC Precious Log:
 CardTable entry size: 512
 Card Set container configuration: InlinePtr #cards 5 size 8 Array Of Cards #cards 12 size 40 Howl #buckets 4 coarsen threshold 1843 Howl Bitmap #cards 512 size 80 coarsen threshold 460 Card regions per heap region 1 cards per card region 2048

Heap:
 garbage-first heap   total 0K, used 0K [0x00000000a1c00000, 0x0000000100000000)
  region size 1024K, 0 young (0K), 0 survivors (0K)
 Metaspace       used 0K, committed 0K, reserved 0K
  class space    used 0K, committed 0K, reserved 0K

Heap Regions: E=young(eden), S=young(survivor), O=old, HS=humongous(starts), HC=humongous(continues), CS=collection set, F=free, TAMS=top-at-mark-start, PB=parsable bottom

Card table byte_map: [0x0000027400300000,0x0000027400600000] _byte_map_base: 0x00000273ffdf2000

Marking Bits: (CMBitMap*) 0x000002746d8f12b0
 Bits: [0x0000027400600000, 0x0000027401d90000)

GC Heap History (0 events):
No events

Dll operation events (1 events):
Event: 0.023 Loaded shared library C:\Program Files\Android\Android Studio\jbr\bin\java.dll

Deoptimization events (0 events):
No events

Classes loaded (0 events):
No events

Classes unloaded (0 events):
No events

Classes redefined (0 events):
No events

Internal exceptions (0 events):
No events

ZGC Phase Switch (0 events):
No events

VM Operations (0 events):
No events

Memory protections (0 events):
No events

Nmethod flushes (0 events):
No events

Events (0 events):
No events


Dynamic libraries:
0x00007ff6b0e40000 - 0x00007ff6b0e4a000 	C:\Program Files\Android\Android Studio\jbr\bin\java.EXE
0x00007ff84be30000 - 0x00007ff84c047000 	C:\WINDOWS\SYSTEM32\ntdll.dll
0x00007ff84ab00000 - 0x00007ff84abc4000 	C:\WINDOWS\System32\KERNEL32.DLL
0x00007ff849430000 - 0x00007ff849800000 	C:\WINDOWS\System32\KERNELBASE.dll
0x00007ff8491d0000 - 0x00007ff8492e1000 	C:\WINDOWS\System32\ucrtbase.dll
0x00007ff83c160000 - 0x00007ff83c17b000 	C:\Program Files\Android\Android Studio\jbr\bin\VCRUNTIME140.dll
0x00007ff83b110000 - 0x00007ff83b128000 	C:\Program Files\Android\Android Studio\jbr\bin\jli.dll
0x00007ff84abd0000 - 0x00007ff84ad81000 	C:\WINDOWS\System32\USER32.dll
0x00007ff849a90000 - 0x00007ff849ab6000 	C:\WINDOWS\System32\win32u.dll
0x00007ff8351a0000 - 0x00007ff83543c000 	C:\WINDOWS\WinSxS\amd64_microsoft.windows.common-controls_6595b64144ccf1df_6.0.22621.5840_none_2710ea077384a4fe\COMCTL32.dll
0x00007ff84b8f0000 - 0x00007ff84b919000 	C:\WINDOWS\System32\GDI32.dll
0x00007ff84bd30000 - 0x00007ff84bdd7000 	C:\WINDOWS\System32\msvcrt.dll
0x00007ff8490a0000 - 0x00007ff8491c3000 	C:\WINDOWS\System32\gdi32full.dll
0x00007ff849970000 - 0x00007ff849a0a000 	C:\WINDOWS\System32\msvcp_win.dll
0x00007ff84bcf0000 - 0x00007ff84bd21000 	C:\WINDOWS\System32\IMM32.DLL
0x00007ff843d30000 - 0x00007ff843d3c000 	C:\Program Files\Android\Android Studio\jbr\bin\vcruntime140_1.dll
0x00007ff83b080000 - 0x00007ff83b10d000 	C:\Program Files\Android\Android Studio\jbr\bin\msvcp140.dll
0x00007fffca7b0000 - 0x00007fffcb43e000 	C:\Program Files\Android\Android Studio\jbr\bin\server\jvm.dll
0x00007ff84a010000 - 0x00007ff84a0c1000 	C:\WINDOWS\System32\ADVAPI32.dll
0x00007ff84ba30000 - 0x00007ff84bad8000 	C:\WINDOWS\System32\sechost.dll
0x00007ff848f30000 - 0x00007ff848f58000 	C:\WINDOWS\System32\bcrypt.dll
0x00007ff84b7b0000 - 0x00007ff84b8c8000 	C:\WINDOWS\System32\RPCRT4.dll
0x00007ff84b920000 - 0x00007ff84b991000 	C:\WINDOWS\System32\WS2_32.dll
0x00007ff848e00000 - 0x00007ff848e4d000 	C:\WINDOWS\SYSTEM32\POWRPROF.dll
0x00007ff840dc0000 - 0x00007ff840dca000 	C:\WINDOWS\SYSTEM32\VERSION.dll
0x00007ff840fc0000 - 0x00007ff840ff4000 	C:\WINDOWS\SYSTEM32\WINMM.dll
0x00007ff848de0000 - 0x00007ff848df3000 	C:\WINDOWS\SYSTEM32\UMPDC.dll
0x00007ff847ed0000 - 0x00007ff847ee8000 	C:\WINDOWS\SYSTEM32\kernel.appcore.dll
0x00007ff841010000 - 0x00007ff84101a000 	C:\Program Files\Android\Android Studio\jbr\bin\jimage.dll
0x00007ff83f1d0000 - 0x00007ff83f403000 	C:\WINDOWS\SYSTEM32\DBGHELP.DLL
0x00007ff84a3d0000 - 0x00007ff84a761000 	C:\WINDOWS\System32\combase.dll
0x00007ff84aa00000 - 0x00007ff84aad8000 	C:\WINDOWS\System32\OLEAUT32.dll
0x00007ff8342a0000 - 0x00007ff8342d2000 	C:\WINDOWS\SYSTEM32\dbgcore.DLL
0x00007ff848f60000 - 0x00007ff848fdb000 	C:\WINDOWS\System32\bcryptPrimitives.dll
0x00007ff83ac80000 - 0x00007ff83aca0000 	C:\Program Files\Android\Android Studio\jbr\bin\java.dll

dbghelp: loaded successfully - version: 4.0.5 - missing functions: none
symbol engine: initialized successfully - sym options: 0x614 - pdb path: .;C:\Program Files\Android\Android Studio\jbr\bin;C:\WINDOWS\SYSTEM32;C:\WINDOWS\WinSxS\amd64_microsoft.windows.common-controls_6595b64144ccf1df_6.0.22621.5840_none_2710ea077384a4fe;C:\Program Files\Android\Android Studio\jbr\bin\server

VM Arguments:
java_command: <unknown>
java_class_path (initial): <not set>
Launcher Type: SUN_STANDARD

[Global flags]
     intx CICompilerCount                          = 4                                         {product} {ergonomic}
     uint ConcGCThreads                            = 2                                         {product} {ergonomic}
     uint G1ConcRefinementThreads                  = 8                                         {product} {ergonomic}
   size_t G1HeapRegionSize                         = 1048576                                   {product} {ergonomic}
    uintx GCDrainStackTargetSize                   = 64                                        {product} {ergonomic}
   size_t InitialHeapSize                          = 100663296                                 {product} {ergonomic}
   size_t MarkStackSize                            = 4194304                                   {product} {ergonomic}
   size_t MaxHeapSize                              = 1581252608                                {product} {ergonomic}
   size_t MinHeapDeltaBytes                        = 1048576                                   {product} {ergonomic}
   size_t MinHeapSize                              = 8388608                                   {product} {ergonomic}
    uintx NonNMethodCodeHeapSize                   = 5839372                                {pd product} {ergonomic}
    uintx NonProfiledCodeHeapSize                  = 122909434                              {pd product} {ergonomic}
    uintx ProfiledCodeHeapSize                     = 122909434                              {pd product} {ergonomic}
    uintx ReservedCodeCacheSize                    = 251658240                              {pd product} {ergonomic}
     bool SegmentedCodeCache                       = true                                      {product} {ergonomic}
   size_t SoftMaxHeapSize                          = 1581252608                             {manageable} {ergonomic}
     bool UseCompressedOops                        = true                           {product lp64_product} {ergonomic}
     bool UseG1GC                                  = true                                      {product} {ergonomic}
     bool UseLargePagesIndividualAllocation        = false                                  {pd product} {ergonomic}

Logging:
Log output configuration:
 #0: stdout all=warning uptime,level,tags foldmultilines=false
 #1: stderr all=off uptime,level,tags foldmultilines=false

Environment Variables:
JAVA_HOME=C:\Program Files\Java\jdk-21
PATH=C:\Program Files (x86)\Common Files\Intel\Shared Libraries\redist\intel64\compiler;C:\Program Files (x86)\Common Files\Intel\Shared Files\cpp\bin\Intel64;C:\WINDOWS\system32;C:\WINDOWS;C:\WINDOWS\System32\Wbem;C:\WINDOWS\System32\WindowsPowerShell\v1.0\;C:\WINDOWS\System32\OpenSSH\;C:\Program Files\dotnet\;C:\Program Files\Go\bin;C:\Program Files\nodejs\;C:\src\flutter\bin;C:\Users\yulia\AppData\Local\Microsoft\WindowsApps;C:\Users\yulia\AppData\Local\Programs\Microsoft VS Code\bin;C:\Users\yulia\go\bin;C:\Users\yulia\AppData\Roaming\npm;C:\src\flutter\bin;;C:\src\flutter\bin\mingit\cmd;C:\src\flutter\bin\mingit\cmd
USERNAME=yulia
OS=Windows_NT
PROCESSOR_IDENTIFIER=AMD64 Family 23 Model 24 Stepping 1, AuthenticAMD
TMP=C:\Users\yulia\AppData\Local\Temp
TEMP=C:\Users\yulia\AppData\Local\Temp




Periodic native trim disabled

JNI global refs:
JNI global refs: 0, weak refs: 0

JNI global refs memory usage: 0, weak refs: 0

Process memory usage:
Resident Set Size: 11616K (0% of 6174988K total physical memory with 195436K free physical memory)

OOME stack traces (most recent first):
Classloader memory used:

---------------  S Y S T E M  ---------------

OS:
 Windows 11 , 64 bit Build 22621 (10.0.22621.5415)
OS uptime: 4 days 20:31 hours
Hyper-V role detected

CPU: total 8 (initial active 8) (8 cores per cpu, 2 threads per core) family 23 model 24 stepping 1 microcode 0x0, cx8, cmov, fxsr, ht, mmx, 3dnowpref, sse, sse2, sse3, ssse3, sse4a, sse4.1, sse4.2, popcnt, lzcnt, tsc, tscinvbit, avx, avx2, aes, clmul, bmi1, bmi2, adx, sha, fma, vzeroupper, clflush, clflushopt, hv, rdtscp, f16c
Processor Information for processor 0
  Max Mhz: 2100, Current Mhz: 1700, Mhz Limit: 2100
Processor Information for processor 1
  Max Mhz: 2100, Current Mhz: 1700, Mhz Limit: 2100
Processor Information for processor 2
  Max Mhz: 2100, Current Mhz: 1700, Mhz Limit: 2100
Processor Information for processor 3
  Max Mhz: 2100, Current Mhz: 1700, Mhz Limit: 2100
Processor Information for processor 4
  Max Mhz: 2100, Current Mhz: 1700, Mhz Limit: 2100
Processor Information for processor 5
  Max Mhz: 2100, Current Mhz: 1700, Mhz Limit: 2100
Processor Information for processor 6
  Max Mhz: 2100, Current Mhz: 1400, Mhz Limit: 2100
Processor Information for processor 7
  Max Mhz: 2100, Current Mhz: 1400, Mhz Limit: 2100

Memory: 4k page, system-wide physical 6030M (190M free)
TotalPageFile size 24462M (AvailPageFile size 54M)
current process WorkingSet (physical memory assigned to process): 11M, peak: 11M
current process commit charge ("private bytes"): 60M, peak: 156M

vm_info: OpenJDK 64-Bit Server VM (21.0.7+-13880790-b1038.58) for windows-amd64 JRE (21.0.7+-13880790-b1038.58), built on 2025-08-04T20:56:21Z by "builder" with MS VC++ 16.10 / 16.11 (VS2019)

END.
